00:40:51 │ INFO    │ main         │ ============================================================
00:40:51 │ WARNING │ main         │ No active TikTok accounts found! Please upload a cookie file in settings.
00:42:00 │ INFO    │ main         │ ============================================================
00:43:08 │ INFO    │ main         │ ============================================================
00:43:42 │ INFO    │ main         │ ============================================================
00:43:42 │ INFO    │ main         │ 📊 Posts today: 0/15
00:43:42 │ INFO    │ main         │ 
00:43:42 │ INFO    │ main         │ ─── Step 1: Discovering viral movie clips ───
00:43:43 │ INFO    │ discover     │ Found 26 videos for #cinemascenes
00:43:43 │ INFO    │ discover     │ Filtered to 8 eligible videos (from 26 total)
00:43:44 │ INFO    │ discover     │ Found 30 videos for #filmtok
00:43:44 │ INFO    │ discover     │ Filtered to 2 eligible videos (from 30 total)
00:43:44 │ INFO    │ discover     │ 🎬 Selected: https://www.tiktok.com/@movieworld0414/video/7600689167726628117
   Author: @movieworld0414
   Views: 1,967,893
   Duration: 12s
   Description: This scene ❤️‍🔥  🎬 Movie: Footlose (2011).  #fyp #edit #viral #movie #dance ...
00:43:44 │ INFO    │ main         │ 
00:43:44 │ INFO    │ main         │ ─── Step 2: Downloading video ───
00:43:44 │ INFO    │ downloader   │ ⬇️  Downloading with yt-dlp: https://www.tiktok.com/@movieworld0414/video/7600689167726628117
00:43:46 │ INFO    │ downloader   │ ✅ Downloaded: C:\Users\churc\OneDrive\Desktop\nope\downloads\7600689167726628117.mp4 (1.5 MB)
00:43:47 │ INFO    │ downloader   │ 📋 Metadata extracted:
   Description: This scene ❤️‍🔥  🎬 Movie: Footlose (2011).  #fyp #edit #viral #movie #dance ...
   Hashtags: #fyp #edit #viral #movie #dance
   Music: original sound — 𝓍𝓆𝓋𝓊𝓅𝒾𝓍❥
00:43:47 │ INFO    │ main         │ 
00:43:47 │ INFO    │ main         │ ─── Step 3: Uploading to TikTok ───
00:43:47 │ INFO    │ main         │ Posting to account: @rowanoutdoors
00:43:47 │ INFO    │ uploader     │ 📝 Caption: This scene ❤️‍🔥 🎬 Movie: Footlose (2011).
00:43:47 │ INFO    │ uploader     │ 🏷️  Hashtags: ['fyp', 'edit', 'viral', 'movie', 'dance']
00:43:47 │ INFO    │ uploader     │ 📤 Uploading to TikTok...
00:44:35 │ INFO    │ uploader     │ ✅ Upload successful! Result: Completed
00:44:35 │ INFO    │ uploader     │ 🗑️  Cleaned up: C:\Users\churc\OneDrive\Desktop\nope\downloads\7600689167726628117.mp4
00:44:35 │ INFO    │ main         │ 
00:44:35 │ INFO    │ main         │ ============================================================
00:44:35 │ INFO    │ main         │ 🎉 POSTED SUCCESSFULLY
00:44:35 │ INFO    │ main         │ ============================================================
02:07:08 │ INFO    │ werkzeug     │ [31m[1mWARNING: This is a development server. Do not use it in a production deployment. Use a production WSGI server instead.[0m
 * Running on all addresses (0.0.0.0)
 * Running on http://127.0.0.1:8080
 * Running on http://192.168.0.5:8080
02:07:08 │ INFO    │ werkzeug     │ [33mPress CTRL+C to quit[0m
02:07:16 │ INFO    │ apscheduler.scheduler │ Adding job tentatively -- it will be properly scheduled when the scheduler starts
02:07:16 │ INFO    │ apscheduler.scheduler │ Added job "bot_job" to job store "default"
02:07:16 │ INFO    │ apscheduler.scheduler │ Scheduler started
02:07:16 │ INFO    │ werkzeug     │ 192.168.0.5 - - [14/Jun/2026 02:07:16] "[32mGET / HTTP/1.1[0m" 302 -
02:07:16 │ INFO    │ werkzeug     │ 192.168.0.5 - - [14/Jun/2026 02:07:16] "GET /login HTTP/1.1" 200 -
02:07:16 │ INFO    │ werkzeug     │ 192.168.0.5 - - [14/Jun/2026 02:07:16] "[32mGET /favicon.ico HTTP/1.1[0m" 302 -
02:07:16 │ INFO    │ werkzeug     │ 192.168.0.5 - - [14/Jun/2026 02:07:16] "GET /login HTTP/1.1" 200 -
02:07:18 │ INFO    │ werkzeug     │ 192.168.0.5 - - [14/Jun/2026 02:07:18] "[32mGET /google_login HTTP/1.1[0m" 302 -
02:08:35 │ INFO    │ werkzeug     │ [31m[1mWARNING: This is a development server. Do not use it in a production deployment. Use a production WSGI server instead.[0m
 * Running on all addresses (0.0.0.0)
 * Running on http://127.0.0.1:8080
 * Running on http://192.168.0.5:8080
02:08:35 │ INFO    │ werkzeug     │ [33mPress CTRL+C to quit[0m
02:08:43 │ INFO    │ apscheduler.scheduler │ Adding job tentatively -- it will be properly scheduled when the scheduler starts
02:08:43 │ INFO    │ apscheduler.scheduler │ Added job "bot_job" to job store "default"
02:08:43 │ INFO    │ apscheduler.scheduler │ Scheduler started
02:08:43 │ INFO    │ werkzeug     │ 192.168.0.5 - - [14/Jun/2026 02:08:43] "[35m[1mGET / HTTP/1.1[0m" 500 -
02:08:43 │ INFO    │ werkzeug     │ 192.168.0.5 - - [14/Jun/2026 02:08:43] "[32mGET /favicon.ico HTTP/1.1[0m" 302 -
02:08:43 │ INFO    │ werkzeug     │ 192.168.0.5 - - [14/Jun/2026 02:08:43] "GET /login HTTP/1.1" 200 -
02:10:33 │ INFO    │ main         │ ============================================================
02:10:33 │ INFO    │ main         │ 📊 Posts today: 0/15
02:10:33 │ INFO    │ main         │ 
02:10:33 │ INFO    │ main         │ ─── Step 1: Discovering viral movie clips ───
02:10:34 │ INFO    │ discover     │ Found 30 videos for #movieclips
02:10:34 │ INFO    │ discover     │ Filtered to 3 eligible videos (from 30 total)
02:10:36 │ INFO    │ discover     │ Found 27 videos for #movietok
02:10:36 │ INFO    │ discover     │ Filtered to 3 eligible videos (from 27 total)
02:10:37 │ INFO    │ discover     │ Found 30 videos for #filmclips
02:10:37 │ INFO    │ discover     │ Filtered to 0 eligible videos (from 30 total)
02:10:38 │ INFO    │ discover     │ Found 29 videos for #moviescenes
02:10:38 │ INFO    │ discover     │ Filtered to 2 eligible videos (from 29 total)
02:10:39 │ INFO    │ discover     │ Found 28 videos for #moviemoments
02:10:39 │ INFO    │ discover     │ Filtered to 6 eligible videos (from 28 total)
02:10:39 │ INFO    │ discover     │ 🎬 Selected: https://www.tiktok.com/@cineminute94/video/7647851427120958752
   Author: @cineminute94
   Views: 4,478,007
   Duration: 60s
   Description: #usatiktok🇺🇸 #movie #action #cine ...
02:10:39 │ INFO    │ main         │ 
02:10:39 │ INFO    │ main         │ ─── Step 2: Downloading video ───
02:10:39 │ INFO    │ downloader   │ ⬇️  Downloading with yt-dlp: https://www.tiktok.com/@cineminute94/video/7647851427120958752
02:10:41 │ INFO    │ downloader   │ ✅ Downloaded: C:\Users\churc\OneDrive\Desktop\nope\downloads\7647851427120958752.mp4 (4.5 MB)
02:10:42 │ INFO    │ downloader   │ 📋 Metadata extracted:
   Description: #usatiktok🇺🇸 #movie #action #cine ...
   Hashtags: #usatiktok🇺🇸 #movie #action #cine
   Music: son original — Cineminut🇺🇲
02:10:42 │ INFO    │ main         │ 
02:10:42 │ INFO    │ main         │ ─── Step 3: Uploading to TikTok ───
02:10:42 │ INFO    │ main         │ Posting to account: @rowanoutdoors
02:10:42 │ INFO    │ uploader     │ 📝 Caption: 
02:10:42 │ INFO    │ uploader     │ 🏷️  Hashtags: ['usatiktok🇺🇸', 'movie', 'action', 'cine']
02:10:42 │ INFO    │ uploader     │ 📤 Uploading to TikTok...
02:10:42 │ WARNING │ uploader     │ ⚠️  Burner Proxy Pool is EMPTY! Proceeding with naked IP...
16:17:14 │ INFO    │ main         │ ============================================================
16:17:14 │ INFO    │ main         │ 📊 Posts today: 0/15
16:17:14 │ INFO    │ main         │ 
16:17:14 │ INFO    │ main         │ ─── Step 1: Discovering viral movie clips ───
16:17:15 │ INFO    │ discover     │ Found 28 videos for #filmtok
16:17:15 │ INFO    │ discover     │ Filtered to 2 eligible videos (from 28 total)
16:17:16 │ INFO    │ discover     │ Found 28 videos for #movieclips
16:17:16 │ INFO    │ discover     │ Filtered to 0 eligible videos (from 28 total)
16:17:18 │ INFO    │ discover     │ Found 25 videos for #moviemoments
16:17:18 │ INFO    │ discover     │ Filtered to 5 eligible videos (from 25 total)
16:17:19 │ INFO    │ discover     │ Found 28 videos for #cinemascenes
16:17:19 │ INFO    │ discover     │ Filtered to 8 eligible videos (from 28 total)
16:17:19 │ INFO    │ discover     │ 🎬 Selected: https://www.tiktok.com/@abikearabmoney/video/7581839070704192776
   Author: @abikearabmoney
   Views: 1,037,805
   Duration: 7s
   Description: This scene was funny at first😂as a first timer, I was shy lol. NIGHT MARKET MOVI...
16:17:19 │ INFO    │ main         │ 
16:17:19 │ INFO    │ main         │ ─── Step 2: Downloading video ───
16:17:19 │ INFO    │ downloader   │ ⬇️  Downloading with yt-dlp: https://www.tiktok.com/@abikearabmoney/video/7581839070704192776
16:17:21 │ INFO    │ downloader   │ ✅ Downloaded: C:\Users\churc\OneDrive\Desktop\nope\downloads\7581839070704192776.mp4 (0.3 MB)
16:17:22 │ INFO    │ downloader   │ 📋 Metadata extracted:
   Description: This scene was funny at first😂as a first timer, I was shy lol. NIGHT MARKET MOVIE is showing on YouT...
   Hashtags: #fypシ゚ #chididikee #mustwatch #moviestowatch #nightmarketthemovie
   Music: original sound — Papaya_ex(Bigpaps for a reason
16:17:22 │ INFO    │ main         │ 
16:17:22 │ INFO    │ main         │ ─── Step 3: Uploading to TikTok ───
16:17:22 │ INFO    │ main         │ Posting to account: @rowanoutdoors
16:17:22 │ INFO    │ uploader     │ 📝 Caption: This scene was funny at first😂as a first timer, I was shy lol. NIGHT MARKET MOVIE is showing on YouTube on PAPAYAEXTVV 🎬
16:17:22 │ INFO    │ uploader     │ 🏷️  Hashtags: ['fypシ゚', 'chididikee', 'mustwatch', 'moviestowatch', 'nightmarketthemovie']
16:17:22 │ INFO    │ uploader     │ 📤 Uploading to TikTok...
16:17:22 │ WARNING │ uploader     │ ⚠️  Burner Proxy Pool is EMPTY! Proceeding with naked IP...
16:19:08 │ INFO    │ werkzeug     │ [31m[1mWARNING: This is a development server. Do not use it in a production deployment. Use a production WSGI server instead.[0m
 * Running on all addresses (0.0.0.0)
 * Running on http://127.0.0.1:8080
 * Running on http://192.168.0.5:8080
16:19:08 │ INFO    │ werkzeug     │ [33mPress CTRL+C to quit[0m
16:19:52 │ INFO    │ main         │ ============================================================
16:19:52 │ INFO    │ main         │ 📊 Posts today: 0/15
16:19:52 │ INFO    │ main         │ 
16:19:52 │ INFO    │ main         │ ─── Step 1: Discovering viral movie clips ───
16:19:54 │ INFO    │ discover     │ Found 29 videos for #filmtok
16:19:54 │ INFO    │ discover     │ Filtered to 2 eligible videos (from 29 total)
16:19:55 │ INFO    │ discover     │ Found 27 videos for #cinemascenes
16:19:55 │ INFO    │ discover     │ Filtered to 9 eligible videos (from 27 total)
16:19:55 │ INFO    │ discover     │ 🎬 Selected: https://www.tiktok.com/@apricotshoppin/video/7588451226912574751
   Author: @apricotshoppin
   Views: 29,217,584
   Duration: 30s
   Description: #Film #Movie #Cinema #FilmScene #MovieScene #FilmLover #MovieLover #FilmTime #Mo...
16:19:55 │ INFO    │ main         │ 
16:19:55 │ INFO    │ main         │ ─── Step 2: Downloading video ───
16:19:55 │ INFO    │ downloader   │ ⬇️  Downloading with yt-dlp: https://www.tiktok.com/@apricotshoppin/video/7588451226912574751
16:19:58 │ INFO    │ downloader   │ ✅ Downloaded: C:\Users\churc\OneDrive\Desktop\nope\downloads\7588451226912574751.mp4 (7.1 MB)
16:19:59 │ INFO    │ downloader   │ 📋 Metadata extracted:
   Description: #Film #Movie #Cinema #FilmScene #MovieScene #FilmLover #MovieLover #FilmTime #MovieVibes...
   Hashtags: #Film #Movie #Cinema #FilmScene #MovieScene #FilmLover #MovieLover #FilmTime #MovieVibes
   Music: original sound — 🍊
16:19:59 │ INFO    │ main         │ 
16:19:59 │ INFO    │ main         │ ─── Step 3: Uploading to TikTok ───
16:19:59 │ INFO    │ main         │ Posting to account: @rowanoutdoors
16:19:59 │ INFO    │ uploader     │ 📝 Caption: 
16:19:59 │ INFO    │ uploader     │ 🏷️  Hashtags: ['Film', 'Movie', 'Cinema', 'FilmScene', 'MovieScene', 'FilmLover', 'MovieLover', 'FilmTime', 'MovieVibes']
16:19:59 │ INFO    │ uploader     │ 📤 Uploading to TikTok...
16:19:59 │ WARNING │ uploader     │ ⚠️  Burner Proxy Pool is EMPTY! Proceeding with naked IP...
16:21:30 │ ERROR   │ uploader     │ ❌ Upload failed: POSSIBLE ERROR UPLOADING: Cannot confirm if uploaded successfully, Please check account in a minute or two to confirm.
16:21:30 │ ERROR   │ main         │ ❌ Upload failed
16:21:30 │ INFO    │ uploader     │ 🗑️  Cleaned up: C:\Users\churc\OneDrive\Desktop\nope\downloads\7588451226912574751.mp4
